<?xml version="1.0" encoding="UTF-8"?>
<!-- Generated by org.testng.reporters.JUnitReportReporter -->
<testsuite skipped="0" hostname="Bharathwaj" name="flipkart.Login" tests="1" failures="0" timestamp="17 Dec 2018 03:59:38 GMT" time="10.405" errors="0">
  <testcase name="login" time="10.405" classname="flipkart.Login"/>
</testsuite> <!-- flipkart.Login -->
